<?xml version="1.0" encoding="UTF-8"?>
<!-- Generated by org.testng.reporters.JUnitReportReporter -->
<testsuite hostname="TYSS-Pushpa" failures="0" tests="5" name="Anotations.Dataprovids" time="0.007" errors="0" timestamp="2022-03-29T08:47:27 IST" skipped="0">
  <testcase classname="Anotations.Dataprovids" name="test" time="0.000"/>
  <system-out/>
  <testcase classname="Anotations.Dataprovids" name="test" time="0.000"/>
  <system-out/>
  <testcase classname="Anotations.Dataprovids" name="test" time="0.001"/>
  <system-out/>
  <testcase classname="Anotations.Dataprovids" name="test" time="0.001"/>
  <system-out/>
  <testcase classname="Anotations.Dataprovids" name="test" time="0.005"/>
  <system-out/>
</testsuite> <!-- Anotations.Dataprovids -->
