<?xml version="1.0" encoding="UTF-8"?>
<!-- Generated by org.testng.reporters.JUnitReportReporter -->
<testsuite hostname="TYSS-Pushpa" failures="0" tests="2" name="Anotations.Demoweb2" time="14.846" errors="0" timestamp="2022-03-28T22:17:23 IST" skipped="0">
  <testcase classname="Anotations.Demoweb2" name="aandz" time="8.352"/>
  <system-out/>
  <testcase classname="Anotations.Demoweb2" name="gettile" time="6.494"/>
  <system-out/>
</testsuite> <!-- Anotations.Demoweb2 -->
