<?xml version="1.0" encoding="UTF-8"?>
<!-- Generated by org.testng.reporters.JUnitReportReporter -->
<testsuite hostname="TYSS-Pushpa" failures="0" tests="2" name="Anotations.Demoweb" time="19.544" errors="0" timestamp="2022-03-28T22:17:23 IST" skipped="0">
  <testcase classname="Anotations.Demoweb" name="logib" time="10.199"/>
  <system-out/>
  <testcase classname="Anotations.Demoweb" name="register" time="9.345"/>
  <system-out/>
</testsuite> <!-- Anotations.Demoweb -->
